<?xml version="1.0" encoding="UTF-8"?>
<!-- Generated by org.testng.reporters.JUnitXMLReporter -->
<testsuite ignored="0" hostname="NIKHIL-PC" failures="1" tests="3" name="ErrorValidationTest" time="40.111" errors="0" timestamp="2023-09-01T18:41:36 IST">
  <testcase classname="SeleniumAutomation.tests.ErrorValidationTest" name="ErrorValidation" time="1.757">
    <skipped/>
  </testcase> <!-- ErrorValidation -->
  <testcase classname="SeleniumAutomation.tests.ErrorValidationTest" name="ErrorValidation" time="1.505">
    <failure type="java.lang.AssertionError" message="expected [Incorrect email or password.] but found [Incorrect email  password.]">
      <![CDATA[java.lang.AssertionError: expected [Incorrect email or password.] but found [Incorrect email  password.]
at SeleniumAutomation.tests.ErrorValidationTest.ErrorValidation(ErrorValidationTest.java:21)
at java.base/java.util.ArrayList.forEach(ArrayList.java:1511)
at java.base/java.util.concurrent.FutureTask.run(FutureTask.java:264)
at java.base/java.util.concurrent.ThreadPoolExecutor.runWorker(ThreadPoolExecutor.java:1136)
at java.base/java.util.concurrent.ThreadPoolExecutor$Worker.run(ThreadPoolExecutor.java:635)
at java.base/java.lang.Thread.run(Thread.java:833)
... Removed 24 stack frames]]>
    </failure>
  </testcase> <!-- ErrorValidation -->
  <testcase classname="SeleniumAutomation.tests.ErrorValidationTest" name="productErrorValidation" time="5.608"/>
</testsuite> <!-- ErrorValidationTest -->
