<?xml version="1.0" encoding="UTF-8"?>
<!-- Generated by org.testng.reporters.JUnitXMLReporter -->
<testsuite ignored="0" hostname="NIKHIL-PC" failures="1" tests="3" name="SubmitOrderTest" time="45.309" errors="0" timestamp="2023-09-01T18:41:41 IST">
  <testcase classname="SeleniumAutomation.tests.SubmitOrderTest2" name="SubmitOrder" time="9.907"/>
  <testcase classname="SeleniumAutomation.tests.SubmitOrderTest2" name="SubmitOrder" time="15.531">
    <failure type="java.lang.AssertionError" message="expected [true] but found [false]">
      <![CDATA[java.lang.AssertionError: expected [true] but found [false]
at SeleniumAutomation.tests.SubmitOrderTest2.SubmitOrder(SubmitOrderTest2.java:31)
at java.base/java.util.ArrayList.forEach(ArrayList.java:1511)
at java.base/java.util.concurrent.FutureTask.run(FutureTask.java:264)
at java.base/java.util.concurrent.ThreadPoolExecutor.runWorker(ThreadPoolExecutor.java:1136)
at java.base/java.util.concurrent.ThreadPoolExecutor$Worker.run(ThreadPoolExecutor.java:635)
at java.base/java.lang.Thread.run(Thread.java:833)
... Removed 22 stack frames]]>
    </failure>
  </testcase> <!-- SubmitOrder -->
  <testcase classname="SeleniumAutomation.tests.SubmitOrderTest2" name="OrderHistoryTest" time="0.0">
    <skipped/>
  </testcase> <!-- OrderHistoryTest -->
</testsuite> <!-- SubmitOrderTest -->
