<?xml version="1.0" encoding="UTF-8"?>
<!-- Generated by org.testng.reporters.JUnitXMLReporter -->
<testsuite hostname="NIKHIL-PC" ignored="0" name="ErrorValidationTest" tests="3" failures="1" timestamp="2023-09-01T19:13:39 IST" time="47.01" errors="0">
  <testcase name="ErrorValidation" time="1.449" classname="SeleniumAutomation.tests.ErrorValidationTest">
    <skipped/>
  </testcase> <!-- ErrorValidation -->
  <testcase name="ErrorValidation" time="1.336" classname="SeleniumAutomation.tests.ErrorValidationTest">
    <failure type="java.lang.AssertionError" message="expected [Incorrect email or password.] but found [Incorrect email  password.]">
      <![CDATA[java.lang.AssertionError: expected [Incorrect email or password.] but found [Incorrect email  password.]
at SeleniumAutomation.tests.ErrorValidationTest.ErrorValidation(ErrorValidationTest.java:21)
at java.util.ArrayList.forEach(ArrayList.java:1257)
at java.util.concurrent.FutureTask.run(FutureTask.java:266)
at java.util.concurrent.ThreadPoolExecutor.runWorker(ThreadPoolExecutor.java:1149)
at java.util.concurrent.ThreadPoolExecutor$Worker.run(ThreadPoolExecutor.java:624)
at java.lang.Thread.run(Thread.java:748)
... Removed 24 stack frames]]>
    </failure>
  </testcase> <!-- ErrorValidation -->
  <testcase name="productErrorValidation" time="5.852" classname="SeleniumAutomation.tests.ErrorValidationTest"/>
</testsuite> <!-- ErrorValidationTest -->
