<?xml version="1.0" encoding="UTF-8"?>
<testng-results skipped="0" failed="1" ignored="0" retried="1" total="6" passed="4">
  <reporter-output>
  </reporter-output>
  <suite name="Suite" duration-ms="59256" started-at="2023-09-01T19:12:52 IST" finished-at="2023-09-01T19:13:51 IST">
    <groups>
      <group name="errorcase">
        <method signature="ErrorValidationTest.ErrorValidation()[pri:0, instance:SeleniumAutomation.tests.ErrorValidationTest@7722c3c3]" name="ErrorValidation" class="SeleniumAutomation.tests.ErrorValidationTest"/>
      </group> <!-- errorcase -->
      <group name="purchaseorder">
        <method signature="SubmitOrderTest2.SubmitOrder(java.util.HashMap)[pri:0, instance:SeleniumAutomation.tests.SubmitOrderTest2@3ba9ad43]" name="SubmitOrder" class="SeleniumAutomation.tests.SubmitOrderTest2"/>
      </group> <!-- purchaseorder -->
    </groups>
    <test name="ErrorValidationTest" duration-ms="47010" started-at="2023-09-01T19:12:52 IST" finished-at="2023-09-01T19:13:39 IST">
      <class name="SeleniumAutomation.tests.ErrorValidationTest">
        <test-method status="PASS" signature="launchApplication()[pri:0, instance:SeleniumAutomation.tests.ErrorValidationTest@7722c3c3]" name="launchApplication" is-config="true" duration-ms="14296" started-at="2023-09-01T19:12:52 IST" finished-at="2023-09-01T19:13:06 IST">
          <reporter-output>
          </reporter-output>
        </test-method> <!-- launchApplication -->
        <test-method status="SKIP" signature="ErrorValidation()[pri:0, instance:SeleniumAutomation.tests.ErrorValidationTest@7722c3c3]" name="ErrorValidation" duration-ms="1449" retried="true" started-at="2023-09-01T19:13:06 IST" finished-at="2023-09-01T19:13:07 IST">
          <exception class="java.lang.AssertionError">
            <message>
              <![CDATA[expected [Incorrect email or password.] but found [Incorrect email  password.]]]>
            </message>
            <full-stacktrace>
              <![CDATA[java.lang.AssertionError: expected [Incorrect email or password.] but found [Incorrect email  password.]
at org.testng.Assert.fail(Assert.java:99)
at org.testng.Assert.failNotEquals(Assert.java:1037)
at org.testng.Assert.assertEqualsImpl(Assert.java:140)
at org.testng.Assert.assertEquals(Assert.java:122)
at org.testng.Assert.assertEquals(Assert.java:629)
at org.testng.Assert.assertEquals(Assert.java:639)
at SeleniumAutomation.tests.ErrorValidationTest.ErrorValidation(ErrorValidationTest.java:21)
at sun.reflect.NativeMethodAccessorImpl.invoke0(Native Method)
at sun.reflect.NativeMethodAccessorImpl.invoke(NativeMethodAccessorImpl.java:62)
at sun.reflect.DelegatingMethodAccessorImpl.invoke(DelegatingMethodAccessorImpl.java:43)
at java.lang.reflect.Method.invoke(Method.java:498)
at org.testng.internal.MethodInvocationHelper.invokeMethod(MethodInvocationHelper.java:133)
at org.testng.internal.TestInvoker.invokeMethod(TestInvoker.java:598)
at org.testng.internal.TestInvoker.invokeTestMethod(TestInvoker.java:173)
at org.testng.internal.MethodRunner.runInSequence(MethodRunner.java:46)
at org.testng.internal.TestInvoker$MethodInvocationAgent.invoke(TestInvoker.java:824)
at org.testng.internal.TestInvoker.invokeTestMethods(TestInvoker.java:146)
at org.testng.internal.TestMethodWorker.invokeTestMethods(TestMethodWorker.java:146)
at org.testng.internal.TestMethodWorker.run(TestMethodWorker.java:128)
at java.util.ArrayList.forEach(ArrayList.java:1257)
at org.testng.TestRunner.privateRun(TestRunner.java:794)
at org.testng.TestRunner.run(TestRunner.java:596)
at org.testng.SuiteRunner.runTest(SuiteRunner.java:377)
at org.testng.SuiteRunner.access$000(SuiteRunner.java:28)
at org.testng.SuiteRunner$SuiteWorker.run(SuiteRunner.java:418)
at org.testng.internal.thread.ThreadUtil.lambda$execute$0(ThreadUtil.java:64)
at java.util.concurrent.FutureTask.run(FutureTask.java:266)
at java.util.concurrent.ThreadPoolExecutor.runWorker(ThreadPoolExecutor.java:1149)
at java.util.concurrent.ThreadPoolExecutor$Worker.run(ThreadPoolExecutor.java:624)
at java.lang.Thread.run(Thread.java:748)
]]>
            </full-stacktrace>
          </exception> <!-- java.lang.AssertionError -->
          <reporter-output>
          </reporter-output>
        </test-method> <!-- ErrorValidation -->
        <test-method status="PASS" signature="closeBrowser()[pri:0, instance:SeleniumAutomation.tests.ErrorValidationTest@7722c3c3]" name="closeBrowser" is-config="true" duration-ms="2497" started-at="2023-09-01T19:13:07 IST" finished-at="2023-09-01T19:13:10 IST">
          <reporter-output>
          </reporter-output>
        </test-method> <!-- closeBrowser -->
        <test-method status="PASS" signature="launchApplication()[pri:0, instance:SeleniumAutomation.tests.ErrorValidationTest@7722c3c3]" name="launchApplication" is-config="true" duration-ms="10200" started-at="2023-09-01T19:13:10 IST" finished-at="2023-09-01T19:13:20 IST">
          <reporter-output>
          </reporter-output>
        </test-method> <!-- launchApplication -->
        <test-method status="FAIL" signature="ErrorValidation()[pri:0, instance:SeleniumAutomation.tests.ErrorValidationTest@7722c3c3]" name="ErrorValidation" duration-ms="1336" started-at="2023-09-01T19:13:20 IST" finished-at="2023-09-01T19:13:21 IST">
          <exception class="java.lang.AssertionError">
            <message>
              <![CDATA[expected [Incorrect email or password.] but found [Incorrect email  password.]]]>
            </message>
            <full-stacktrace>
              <![CDATA[java.lang.AssertionError: expected [Incorrect email or password.] but found [Incorrect email  password.]
at org.testng.Assert.fail(Assert.java:99)
at org.testng.Assert.failNotEquals(Assert.java:1037)
at org.testng.Assert.assertEqualsImpl(Assert.java:140)
at org.testng.Assert.assertEquals(Assert.java:122)
at org.testng.Assert.assertEquals(Assert.java:629)
at org.testng.Assert.assertEquals(Assert.java:639)
at SeleniumAutomation.tests.ErrorValidationTest.ErrorValidation(ErrorValidationTest.java:21)
at sun.reflect.NativeMethodAccessorImpl.invoke0(Native Method)
at sun.reflect.NativeMethodAccessorImpl.invoke(NativeMethodAccessorImpl.java:62)
at sun.reflect.DelegatingMethodAccessorImpl.invoke(DelegatingMethodAccessorImpl.java:43)
at java.lang.reflect.Method.invoke(Method.java:498)
at org.testng.internal.MethodInvocationHelper.invokeMethod(MethodInvocationHelper.java:133)
at org.testng.internal.TestInvoker.invokeMethod(TestInvoker.java:598)
at org.testng.internal.TestInvoker.retryFailed(TestInvoker.java:213)
at org.testng.internal.MethodRunner.runInSequence(MethodRunner.java:58)
at org.testng.internal.TestInvoker$MethodInvocationAgent.invoke(TestInvoker.java:824)
at org.testng.internal.TestInvoker.invokeTestMethods(TestInvoker.java:146)
at org.testng.internal.TestMethodWorker.invokeTestMethods(TestMethodWorker.java:146)
at org.testng.internal.TestMethodWorker.run(TestMethodWorker.java:128)
at java.util.ArrayList.forEach(ArrayList.java:1257)
at org.testng.TestRunner.privateRun(TestRunner.java:794)
at org.testng.TestRunner.run(TestRunner.java:596)
at org.testng.SuiteRunner.runTest(SuiteRunner.java:377)
at org.testng.SuiteRunner.access$000(SuiteRunner.java:28)
at org.testng.SuiteRunner$SuiteWorker.run(SuiteRunner.java:418)
at org.testng.internal.thread.ThreadUtil.lambda$execute$0(ThreadUtil.java:64)
at java.util.concurrent.FutureTask.run(FutureTask.java:266)
at java.util.concurrent.ThreadPoolExecutor.runWorker(ThreadPoolExecutor.java:1149)
at java.util.concurrent.ThreadPoolExecutor$Worker.run(ThreadPoolExecutor.java:624)
at java.lang.Thread.run(Thread.java:748)
]]>
            </full-stacktrace>
          </exception> <!-- java.lang.AssertionError -->
          <reporter-output>
          </reporter-output>
        </test-method> <!-- ErrorValidation -->
        <test-method status="PASS" signature="closeBrowser()[pri:0, instance:SeleniumAutomation.tests.ErrorValidationTest@7722c3c3]" name="closeBrowser" is-config="true" duration-ms="480" started-at="2023-09-01T19:13:22 IST" finished-at="2023-09-01T19:13:23 IST">
          <reporter-output>
          </reporter-output>
        </test-method> <!-- closeBrowser -->
        <test-method status="PASS" signature="launchApplication()[pri:0, instance:SeleniumAutomation.tests.ErrorValidationTest@7722c3c3]" name="launchApplication" is-config="true" duration-ms="9237" started-at="2023-09-01T19:13:23 IST" finished-at="2023-09-01T19:13:32 IST">
          <reporter-output>
          </reporter-output>
        </test-method> <!-- launchApplication -->
        <test-method status="PASS" signature="productErrorValidation()[pri:0, instance:SeleniumAutomation.tests.ErrorValidationTest@7722c3c3]" name="productErrorValidation" duration-ms="5852" started-at="2023-09-01T19:13:32 IST" finished-at="2023-09-01T19:13:38 IST">
          <reporter-output>
          </reporter-output>
        </test-method> <!-- productErrorValidation -->
        <test-method status="PASS" signature="closeBrowser()[pri:0, instance:SeleniumAutomation.tests.ErrorValidationTest@7722c3c3]" name="closeBrowser" is-config="true" duration-ms="727" started-at="2023-09-01T19:13:38 IST" finished-at="2023-09-01T19:13:39 IST">
          <reporter-output>
          </reporter-output>
        </test-method> <!-- closeBrowser -->
      </class> <!-- SeleniumAutomation.tests.ErrorValidationTest -->
    </test> <!-- ErrorValidationTest -->
    <test name="SubmitOrderTest" duration-ms="59256" started-at="2023-09-01T19:12:52 IST" finished-at="2023-09-01T19:13:51 IST">
      <class name="SeleniumAutomation.tests.SubmitOrderTest2">
        <test-method status="PASS" signature="launchApplication()[pri:0, instance:SeleniumAutomation.tests.SubmitOrderTest2@3ba9ad43]" name="launchApplication" is-config="true" duration-ms="12933" started-at="2023-09-01T19:12:52 IST" finished-at="2023-09-01T19:13:05 IST">
          <reporter-output>
          </reporter-output>
        </test-method> <!-- launchApplication -->
        <test-method status="PASS" signature="SubmitOrder(java.util.HashMap)[pri:0, instance:SeleniumAutomation.tests.SubmitOrderTest2@3ba9ad43]" name="SubmitOrder" duration-ms="11234" started-at="2023-09-01T19:13:05 IST" data-provider="getData" finished-at="2023-09-01T19:13:16 IST">
          <params>
            <param index="0">
              <value>
                <![CDATA[{password=Fluke@5011, product=ADIDAS ORIGINAL, email=ram888@gmail.com}]]>
              </value>
            </param>
          </params>
          <reporter-output>
          </reporter-output>
        </test-method> <!-- SubmitOrder -->
        <test-method status="PASS" signature="closeBrowser()[pri:0, instance:SeleniumAutomation.tests.SubmitOrderTest2@3ba9ad43]" name="closeBrowser" is-config="true" duration-ms="2551" started-at="2023-09-01T19:13:16 IST" finished-at="2023-09-01T19:13:19 IST">
          <reporter-output>
          </reporter-output>
        </test-method> <!-- closeBrowser -->
        <test-method status="PASS" signature="launchApplication()[pri:0, instance:SeleniumAutomation.tests.SubmitOrderTest2@3ba9ad43]" name="launchApplication" is-config="true" duration-ms="7837" started-at="2023-09-01T19:13:19 IST" finished-at="2023-09-01T19:13:27 IST">
          <reporter-output>
          </reporter-output>
        </test-method> <!-- launchApplication -->
        <test-method status="PASS" signature="SubmitOrder(java.util.HashMap)[pri:0, instance:SeleniumAutomation.tests.SubmitOrderTest2@3ba9ad43]" name="SubmitOrder" duration-ms="13871" started-at="2023-09-01T19:13:27 IST" data-provider="getData" finished-at="2023-09-01T19:13:41 IST">
          <params>
            <param index="0">
              <value>
                <![CDATA[{password=Fluke@5011, product=ZARA COAT 3, email=rampr@gmail.com}]]>
              </value>
            </param>
          </params>
          <reporter-output>
          </reporter-output>
        </test-method> <!-- SubmitOrder -->
        <test-method status="PASS" signature="closeBrowser()[pri:0, instance:SeleniumAutomation.tests.SubmitOrderTest2@3ba9ad43]" name="closeBrowser" is-config="true" duration-ms="236" started-at="2023-09-01T19:13:41 IST" finished-at="2023-09-01T19:13:41 IST">
          <reporter-output>
          </reporter-output>
        </test-method> <!-- closeBrowser -->
        <test-method status="PASS" signature="launchApplication()[pri:0, instance:SeleniumAutomation.tests.SubmitOrderTest2@3ba9ad43]" name="launchApplication" is-config="true" duration-ms="6765" started-at="2023-09-01T19:13:41 IST" finished-at="2023-09-01T19:13:48 IST">
          <reporter-output>
          </reporter-output>
        </test-method> <!-- launchApplication -->
        <test-method status="PASS" signature="OrderHistoryTest()[pri:0, instance:SeleniumAutomation.tests.SubmitOrderTest2@3ba9ad43]" name="OrderHistoryTest" duration-ms="2721" started-at="2023-09-01T19:13:48 IST" depends-on-methods="SeleniumAutomation.tests.SubmitOrderTest2.SubmitOrder" finished-at="2023-09-01T19:13:50 IST">
          <reporter-output>
          </reporter-output>
        </test-method> <!-- OrderHistoryTest -->
        <test-method status="PASS" signature="closeBrowser()[pri:0, instance:SeleniumAutomation.tests.SubmitOrderTest2@3ba9ad43]" name="closeBrowser" is-config="true" duration-ms="520" started-at="2023-09-01T19:13:50 IST" finished-at="2023-09-01T19:13:51 IST">
          <reporter-output>
          </reporter-output>
        </test-method> <!-- closeBrowser -->
      </class> <!-- SeleniumAutomation.tests.SubmitOrderTest2 -->
    </test> <!-- SubmitOrderTest -->
  </suite> <!-- Suite -->
</testng-results>
